C51 COMPILER V9.53.0.0   COMMON                                                            02/20/2018 13:45:12 PAGE 1   


C51 COMPILER V9.53.0.0, COMPILATION OF MODULE COMMON
OBJECT MODULE PLACED IN .\Output\Common.obj
COMPILER INVOKED BY: E:\Soft\keil472a\C51\BIN\C51.EXE ..\..\Common\Common.c BROWSE INCDIR(..\..\Include) DEFINE(FOSC_160
                    -000) DEBUG OBJECTEXTEND PRINT(.\LST\Common.lst) OBJECT(.\Output\Common.obj)

line level    source

   1          #include <stdio.h>
   2          #include "N76E003.h"
   3          #include "Common.h"
   4          #include "Delay.h"
   5          #include "SFR_Macro.h"
   6          #include "Function_Define.h"
   7          
   8          
   9          //---------------------------------------------------------------
  10          void InitialUART0_Timer3(uint32_t u32Baudrate) //use timer3 as Baudrate generator
  11          {
  12   1              P06_Quasi_Mode;
  13   1              P07_Quasi_Mode; 
  14   1              SCON = 0x52;     //UART0 Mode1,REN=1,TI=1
  15   1              set_SMOD;        //UART0 Double Rate Enable
  16   1              T3CON &= 0xF8;   //T3PS2=0,T3PS1=0,T3PS0=0(Prescale=1)
  17   1              set_BRCK;        //UART0 baud rate clock source = Timer3
  18   1              RH3    = HIBYTE(65536 - (1000000/u32Baudrate)-1);               /*16 MHz */
  19   1              RL3    = LOBYTE(65536 - (1000000/u32Baudrate)-1);                       /*16 MHz */
  20   1              set_TR3; 
  21   1              TI = 1;   
  22   1              ES = 1; 
  23   1              EA=1;
  24   1      }
  25          
  26          uint8_t Receive_Data_From_UART0(void)
  27          {
  28   1          uint8_t c;
  29   1          while (!RI);
  30   1          c = SBUF;
  31   1          RI = 0;
  32   1          return (c);
  33   1      }
  34          
  35          void Send_Data_To_UART0 (uint8_t c)
  36          {
  37   1          TI = 0;
  38   1          SBUF = c;
  39   1          while(TI==0);
  40   1      }
  41          
  42          
  43          void debug(const char *fmt,...)
  44          {
  45   1              printf(fmt);
  46   1      }
  47          
  48          void SW_Boot(void)
  49          {
  50   1                      TA = 0xAA;
  51   1                      TA = 0x55;
  52   1                      CHPCON |=0x02; 
  53   1          TA = 0xAA;
  54   1          TA = 0x55;
C51 COMPILER V9.53.0.0   COMMON                                                            02/20/2018 13:45:12 PAGE 2   

  55   1          set_SWRST;
  56   1      }
  57          void serial_IT(void) interrupt 4 
  58          {
  59   1              static xdata uint8_t dat=0;
  60   1              uint8_t a;
  61   1              if (RI) 
  62   1              {                                    
  63   2                      clr_RI;                             
  64   2                      a=SBUF;
  65   2                      if((a==0xa4)|(a==0xae))
  66   2                      {
  67   3                              //if(dat!=0)while(1)Send_Data_To_UART0(dat);
  68   3                      //      if(dat==0x02)
  69   3                                      SW_Boot();
  70   3                              dat=0;
  71   3                      }else dat+=a;
  72   2              }
  73   1              if(TI)
  74   1              {
  75   2                              clr_TI;                    
  76   2              }
  77   1      }


MODULE INFORMATION:   STATIC OVERLAYABLE
   CODE SIZE        =    245    ----
   CONSTANT SIZE    =   ----    ----
   XDATA SIZE       =      1    ----
   PDATA SIZE       =   ----    ----
   DATA SIZE        =   ----      22
   IDATA SIZE       =   ----    ----
   BIT SIZE         =   ----    ----
END OF MODULE INFORMATION.


C51 COMPILATION COMPLETE.  0 WARNING(S),  0 ERROR(S)
