C51 COMPILER V9.53.0.0   COMMON                                                            07/12/2018 21:25:28 PAGE 1   


C51 COMPILER V9.53.0.0, COMPILATION OF MODULE COMMON
OBJECT MODULE PLACED IN .\Output\Common.obj
COMPILER INVOKED BY: E:\Soft\keil472a\C51\BIN\C51.EXE ..\..\Common\Common.c LARGE OMF2 OPTIMIZE(2,SPEED) BROWSE INCDIR(.
                    -.\..\Include) DEFINE(FOSC_160000) DEBUG PRINT(.\LST\Common.lst) OBJECT(.\Output\Common.obj)

line level    source

   1          #include "include.h"
   2          
   3          bit BIT_TMP;
   4          
   5          //---------------------------------------------------------------
   6          void UART0_InitTimer3() //use timer3 as Baudrate generator
   7          {
   8   1          uint32_t u32Baudrate=115200;
   9   1              P06_Quasi_Mode;
  10   1              P07_Quasi_Mode; 
  11   1              SCON = 0x52;     //UART0 Mode1,REN=1,TI=1
  12   1              set_SMOD;        //UART0 Double Rate Enable
  13   1              T3CON &= 0xF8;   //T3PS2=0,T3PS1=0,T3PS0=0(Prescale=1)
  14   1              set_BRCK;        //UART0 baud rate clock source = Timer3
  15   1              RH3    = HIBYTE(65536 - (1000000/u32Baudrate)-1);               /*16 MHz */
  16   1              RL3    = LOBYTE(65536 - (1000000/u32Baudrate)-1);                       /*16 MHz */
  17   1              set_TR3; 
  18   1              TI = 1;   
  19   1              ES = 1; 
  20   1              EA=1;
  21   1      }
  22          void UART0_UInit()
  23          {
  24   1          SCON=0x00;
  25   1          clr_SMOD;
  26   1          TI = 0; 
  27   1          clr_TR3;
  28   1      }
  29          uint8_t Receive_Data_From_UART0(void)
  30          {
  31   1          uint8_t c;
  32   1          while (!RI);
  33   1          c = SBUF;
  34   1          RI = 0;
  35   1          return (c);
  36   1      }
  37          
  38          void Send_Data_To_UART0 (uint8_t c)
  39          {
  40   1          TI = 0;
  41   1          SBUF = c;
  42   1          while(TI==0);
  43   1      }
  44          
  45          
  46          void debug(const char *fmt,...)
  47          {
  48   1              printf(fmt);
  49   1      }
  50          
  51          void SW_Boot(void)
  52          {
  53   1          TA = 0xAA;
  54   1          TA = 0x55;
C51 COMPILER V9.53.0.0   COMMON                                                            07/12/2018 21:25:28 PAGE 2   

  55   1          CHPCON |=0x02; 
  56   1          TA = 0xAA;
  57   1          TA = 0x55;
  58   1          set_SWRST;
  59   1      }
  60          void serial_IT(void) interrupt 4 
  61          {
  62   1              static xdata uint8_t dat=0;
  63   1              uint8_t a;
  64   1              if (RI) 
  65   1              {          
  66   2              SW_Boot();        
  67   2                      clr_RI;                             
  68   2                      a=SBUF;
  69   2                      if((a==0xa4)|(a==0xae))
  70   2                      {       
  71   3                if(dat==0x02)SW_Boot();
  72   3                        dat=0;
  73   3                      }else dat+=a;
  74   2              }
  75   1              if(TI)
  76   1              {
  77   2                              clr_TI;                    
  78   2              }
  79   1      }


MODULE INFORMATION:   STATIC OVERLAYABLE
   CODE SIZE        =    389    ----
   CONSTANT SIZE    =   ----    ----
   XDATA SIZE       =      1      50
   PDATA SIZE       =   ----    ----
   DATA SIZE        =   ----    ----
   IDATA SIZE       =   ----    ----
   BIT SIZE         =      1    ----
   EDATA SIZE       =   ----    ----
   HDATA SIZE       =   ----    ----
   XDATA CONST SIZE =   ----    ----
   FAR CONST SIZE   =   ----    ----
END OF MODULE INFORMATION.


C51 COMPILATION COMPLETE.  0 WARNING(S),  0 ERROR(S)
