C51 COMPILER V9.53.0.0   DELAY                                                             07/12/2018 21:25:28 PAGE 1   


C51 COMPILER V9.53.0.0, COMPILATION OF MODULE DELAY
OBJECT MODULE PLACED IN .\Output\Delay.obj
COMPILER INVOKED BY: E:\Soft\keil472a\C51\BIN\C51.EXE ..\..\Common\Delay.c LARGE OMF2 OPTIMIZE(2,SPEED) BROWSE INCDIR(..
                    -\..\Include) DEFINE(FOSC_160000) DEBUG PRINT(.\LST\Delay.lst) OBJECT(.\Output\Delay.obj)

line level    source

   1          #include "include.h"
   2          
   3          
   4          void Delay10us(uint16_t u16CNT)
   5          {
   6   1          uint32_t i;
   7   1          for(i=0;i<u16CNT;i++);
   8   1      }
   9          void Delayms(uint16_t u16CNT)
  10          {
  11   1          uint32_t i;
  12   1          for(i=0;i<u16CNT;i++)Delay10us(100);
  13   1      }


MODULE INFORMATION:   STATIC OVERLAYABLE
   CODE SIZE        =    191    ----
   CONSTANT SIZE    =   ----    ----
   XDATA SIZE       =   ----      12
   PDATA SIZE       =   ----    ----
   DATA SIZE        =   ----    ----
   IDATA SIZE       =   ----    ----
   BIT SIZE         =   ----    ----
   EDATA SIZE       =   ----    ----
   HDATA SIZE       =   ----    ----
   XDATA CONST SIZE =   ----    ----
   FAR CONST SIZE   =   ----    ----
END OF MODULE INFORMATION.


C51 COMPILATION COMPLETE.  0 WARNING(S),  0 ERROR(S)
