C51 COMPILER V9.53.0.0   EXT                                                               07/12/2018 21:25:29 PAGE 1   


C51 COMPILER V9.53.0.0, COMPILATION OF MODULE EXT
OBJECT MODULE PLACED IN .\Output\Ext.obj
COMPILER INVOKED BY: E:\Soft\keil472a\C51\BIN\C51.EXE ..\..\Common\Ext.c LARGE OMF2 OPTIMIZE(2,SPEED) BROWSE INCDIR(..\.
                    -.\Include) DEFINE(FOSC_160000) DEBUG PRINT(.\LST\Ext.lst) OBJECT(.\Output\Ext.obj)

line level    source

   1          #include "include.h"
   2          
   3          xdata uint8_t R_Data=0;
   4          xdata uint8_t R_Even=0;
   5          void Ext_Init()
   6          {
   7   1          P30_Input_Mode;
   8   1          Enable_INT_Port0;
   9   1          P30 =1;
  10   1          IT1= 0;
  11   1          set_EX0;
  12   1      }
  13          uint16_t Ext_GetTime(uint8_t h)
  14          {
  15   1          uint16_t i=0;
  16   1          while(P30==h&i++<2000);
  17   1          return i;
  18   1      }
  19          void GetCode()
  20          {
  21   1          uint8_t dat[4],x,y;
  22   1          xdata uint8_t value;
  23   1          uint16_t temp;
  24   1          temp=Ext_GetTime(0);
  25   1          if(temp<1000)return;else R_Data=value;
  26   1          temp=Ext_GetTime(1);//700;
  27   1          if(temp<600){R_Data=value;R_Even=1;return ;}
  28   1          for(x=0;x<4;x++)
  29   1          {
  30   2              dat[x]=0;
  31   2              for(y=0;y<8;y++)
  32   2              {
  33   3              dat[x]<<=1;
  34   3              temp=Ext_GetTime(0);//76
  35   3              temp=Ext_GetTime(1);//102
  36   3              if(temp>150)dat[x]|=0x01;
  37   3              }
  38   2          }
  39   1          if(dat[0]==~dat[1]&dat[2]==~dat[3])
  40   1          value=dat[3];
  41   1          R_Data=value;
  42   1          R_Even=0;
  43   1          if(R_Data==93)SW_Boot();
  44   1      }
  45          
  46          void EXT_INT0(void) interrupt 0
  47          {
  48   1          uint16_t count=0;
  49   1          EA=0;
  50   1          GetCode();
  51   1          EA=1;
  52   1      }


C51 COMPILER V9.53.0.0   EXT                                                               07/12/2018 21:25:29 PAGE 2   

MODULE INFORMATION:   STATIC OVERLAYABLE
   CODE SIZE        =    504    ----
   CONSTANT SIZE    =   ----    ----
   XDATA SIZE       =      2      14
   PDATA SIZE       =   ----    ----
   DATA SIZE        =   ----    ----
   IDATA SIZE       =   ----    ----
   BIT SIZE         =   ----    ----
   EDATA SIZE       =   ----    ----
   HDATA SIZE       =   ----    ----
   XDATA CONST SIZE =   ----    ----
   FAR CONST SIZE   =   ----    ----
END OF MODULE INFORMATION.


C51 COMPILATION COMPLETE.  0 WARNING(S),  0 ERROR(S)
