C51 COMPILER V9.53.0.0   JQ                                                                07/12/2018 21:25:29 PAGE 1   


C51 COMPILER V9.53.0.0, COMPILATION OF MODULE JQ
OBJECT MODULE PLACED IN .\Output\JQ.obj
COMPILER INVOKED BY: E:\Soft\keil472a\C51\BIN\C51.EXE ..\..\Common\JQ.c LARGE OMF2 OPTIMIZE(2,SPEED) BROWSE INCDIR(..\..
                    -\Include) DEFINE(FOSC_160000) DEBUG PRINT(.\LST\JQ.lst) OBJECT(.\Output\JQ.obj)

line level    source

   1          #include "include.h"
   2          
   3          sbit JQ_IO=P1^4;
   4          sbit JQ_OK=P1^3;
   5          
   6          void JQ_PLay(uint16_t z)
   7          {
   8   1      
   9   1          P13_PushPull_Mode;
  10   1          P14_PushPull_Mode;
  11   1          JQ_OK=1;
  12   1          Delay10us(1000);
  13   1          JQ_OK=0;
  14   1              Delay10us(1000);
  15   1              while(z--)
  16   1              {
  17   2              JQ_IO=1;
  18   2              Delay10us(1000);
  19   2              JQ_IO=0;
  20   2              Delay10us(1000);
  21   2              }
  22   1      }


MODULE INFORMATION:   STATIC OVERLAYABLE
   CODE SIZE        =     77    ----
   CONSTANT SIZE    =   ----    ----
   XDATA SIZE       =   ----       2
   PDATA SIZE       =   ----    ----
   DATA SIZE        =   ----    ----
   IDATA SIZE       =   ----    ----
   BIT SIZE         =   ----    ----
   EDATA SIZE       =   ----    ----
   HDATA SIZE       =   ----    ----
   XDATA CONST SIZE =   ----    ----
   FAR CONST SIZE   =   ----    ----
END OF MODULE INFORMATION.


C51 COMPILATION COMPLETE.  0 WARNING(S),  0 ERROR(S)
