C51 COMPILER V9.53.0.0   KEY                                                               04/07/2018 15:04:46 PAGE 1   


C51 COMPILER V9.53.0.0, COMPILATION OF MODULE KEY
OBJECT MODULE PLACED IN .\Output\Key.obj
COMPILER INVOKED BY: E:\Soft\keil472a\C51\BIN\C51.EXE ..\..\Common\Key.c LARGE OMF2 OPTIMIZE(2,SPEED) BROWSE INCDIR(..\.
                    -.\Include) DEFINE(FOSC_160000) DEBUG PRINT(.\LST\Key.lst) OBJECT(.\Output\Key.obj)

line level    source

   1          #include <stdio.h>
   2          #include "N76E003.h"
   3          #include "Common.h"
   4          #include "Function_Define.h"
   5          
   6          sbit Key1=P2^0;
   7          sbit Key2=P1^0;
   8          
   9          uint8_t Key_Get()
  10          {
  11   1              uint8_t Value=0x00;
  12   1              P2S|=SET_BIT7;
  13   1              Key1=1;
  14   1              if(Key1)Value|=0x01;
  15   1              Key1=0;
  16   1              Key2=1;
  17   1              if(Key2)Value|=0x02;
  18   1              Key2=0;
  19   1              return Value;
  20   1      }
  21          uint8_t Key()
  22          {
  23   1          uint32_t count=0;
  24   1          uint8_t v;
  25   1          v=Key_Get();
  26   1          if(v!=3)while(Key_Get()!=3&count++<10000);
  27   1          if(count>=10000)v|=0x80;
  28   1         return v;
  29   1      }


MODULE INFORMATION:   STATIC OVERLAYABLE
   CODE SIZE        =    184    ----
   CONSTANT SIZE    =   ----    ----
   XDATA SIZE       =   ----       6
   PDATA SIZE       =   ----    ----
   DATA SIZE        =   ----    ----
   IDATA SIZE       =   ----    ----
   BIT SIZE         =   ----    ----
   EDATA SIZE       =   ----    ----
   HDATA SIZE       =   ----    ----
   XDATA CONST SIZE =   ----    ----
   FAR CONST SIZE   =   ----    ----
END OF MODULE INFORMATION.


C51 COMPILATION COMPLETE.  0 WARNING(S),  0 ERROR(S)
