C51 COMPILER V9.53.0.0   PWM                                                               07/12/2018 21:25:29 PAGE 1   


C51 COMPILER V9.53.0.0, COMPILATION OF MODULE PWM
OBJECT MODULE PLACED IN .\Output\Pwm.obj
COMPILER INVOKED BY: E:\Soft\keil472a\C51\BIN\C51.EXE ..\..\Common\Pwm.c LARGE OMF2 OPTIMIZE(2,SPEED) BROWSE INCDIR(..\.
                    -.\Include) DEFINE(FOSC_160000) DEBUG PRINT(.\LST\Pwm.lst) OBJECT(.\Output\Pwm.obj)

line level    source

   1          #include "include.h"
   2          
   3          
   4          sbit PWM1=P1^1;
   5          sbit PWM2=P1^2;
   6          
   7          void PWM_Set(int v)
   8          {
   9   1          PWM1_P11_OUTPUT_ENABLE;
  10   1          PWM0_P12_OUTPUT_ENABLE;
  11   1          PWM_IMDEPENDENT_MODE;
  12   1          PWM_CLOCK_DIV_128;
  13   1          PWMPH = 0x00;
  14   1          PWMPL = 0xff;
  15   1          PWM0H = 0;                                  
  16   1          PWM1H = 0;                                  
  17   1          if(v>=0){PWM0L =v;PWM1L =0;}
  18   1          if(v<=0){PWM0L =0;PWM1L =0-v;}
  19   1          set_LOAD;
  20   1          set_PWMRUN;
  21   1      }


MODULE INFORMATION:   STATIC OVERLAYABLE
   CODE SIZE        =    101    ----
   CONSTANT SIZE    =   ----    ----
   XDATA SIZE       =   ----       2
   PDATA SIZE       =   ----    ----
   DATA SIZE        =   ----    ----
   IDATA SIZE       =   ----    ----
   BIT SIZE         =   ----    ----
   EDATA SIZE       =   ----    ----
   HDATA SIZE       =   ----    ----
   XDATA CONST SIZE =   ----    ----
   FAR CONST SIZE   =   ----    ----
END OF MODULE INFORMATION.


C51 COMPILATION COMPLETE.  0 WARNING(S),  0 ERROR(S)
